2019-03-01 09:11:46.640 [main] INFO  com.newtouch.buglifecycle.BugLifecycleApplication - Starting BugLifecycleApplication on TH-20170914WWKT with PID 2956 (C:\Users\lenovo\Desktop\git\eaas\bug-lifecycle\target\classes started by lenovo in C:\Users\lenovo\Desktop\git\eaas\bug-lifecycle)
2019-03-01 09:11:46.674 [main] DEBUG com.newtouch.buglifecycle.BugLifecycleApplication - Running with Spring Boot v2.1.3.RELEASE, Spring v5.1.5.RELEASE
2019-03-01 09:11:46.675 [main] INFO  com.newtouch.buglifecycle.BugLifecycleApplication - The following profiles are active: dev
2019-03-01 09:11:49.294 [main] INFO  com.newtouch.buglifecycle.BugLifecycleApplication - Started BugLifecycleApplication in 3.273 seconds (JVM running for 5.907)
2019-03-01 09:18:40.344 [main] INFO  com.newtouch.buglifecycle.BugLifecycleApplication - Starting BugLifecycleApplication on TH-20170914WWKT with PID 6696 (C:\Users\lenovo\Desktop\git\eaas\bug-lifecycle\target\classes started by lenovo in C:\Users\lenovo\Desktop\git\eaas\bug-lifecycle)
2019-03-01 09:18:40.347 [main] DEBUG com.newtouch.buglifecycle.BugLifecycleApplication - Running with Spring Boot v2.1.3.RELEASE, Spring v5.1.5.RELEASE
2019-03-01 09:18:40.347 [main] INFO  com.newtouch.buglifecycle.BugLifecycleApplication - The following profiles are active: dev
2019-03-01 09:18:42.566 [main] INFO  com.newtouch.buglifecycle.BugLifecycleApplication - Started BugLifecycleApplication in 3.075 seconds (JVM running for 4.008)
2019-03-01 09:21:05.528 [main] INFO  com.newtouch.buglifecycle.BugLifecycleApplication - Starting BugLifecycleApplication on TH-20170914WWKT with PID 3580 (C:\Users\lenovo\Desktop\git\eaas\bug-lifecycle\target\classes started by lenovo in C:\Users\lenovo\Desktop\git\eaas\bug-lifecycle)
2019-03-01 09:21:05.528 [main] DEBUG com.newtouch.buglifecycle.BugLifecycleApplication - Running with Spring Boot v2.1.3.RELEASE, Spring v5.1.5.RELEASE
2019-03-01 09:21:05.528 [main] INFO  com.newtouch.buglifecycle.BugLifecycleApplication - The following profiles are active: dev
2019-03-01 09:21:07.632 [main] INFO  com.newtouch.buglifecycle.BugLifecycleApplication - Started BugLifecycleApplication in 2.822 seconds (JVM running for 3.578)
2019-03-01 09:21:35.279 [main] INFO  com.newtouch.buglifecycle.BugLifecycleApplication - Starting BugLifecycleApplication on TH-20170914WWKT with PID 4992 (C:\Users\lenovo\Desktop\git\eaas\bug-lifecycle\target\classes started by lenovo in C:\Users\lenovo\Desktop\git\eaas\bug-lifecycle)
2019-03-01 09:21:35.294 [main] DEBUG com.newtouch.buglifecycle.BugLifecycleApplication - Running with Spring Boot v2.1.3.RELEASE, Spring v5.1.5.RELEASE
2019-03-01 09:21:35.294 [main] INFO  com.newtouch.buglifecycle.BugLifecycleApplication - The following profiles are active: dev
2019-03-01 09:21:37.342 [main] INFO  com.newtouch.buglifecycle.BugLifecycleApplication - Started BugLifecycleApplication in 2.842 seconds (JVM running for 3.513)
2019-03-01 09:22:19.819 [main] INFO  com.newtouch.buglifecycle.BugLifecycleApplication - Starting BugLifecycleApplication on TH-20170914WWKT with PID 5904 (C:\Users\lenovo\Desktop\git\eaas\bug-lifecycle\target\classes started by lenovo in C:\Users\lenovo\Desktop\git\eaas\bug-lifecycle)
2019-03-01 09:22:19.822 [main] DEBUG com.newtouch.buglifecycle.BugLifecycleApplication - Running with Spring Boot v2.1.3.RELEASE, Spring v5.1.5.RELEASE
2019-03-01 09:22:19.822 [main] INFO  com.newtouch.buglifecycle.BugLifecycleApplication - The following profiles are active: dev
2019-03-01 09:22:22.035 [main] INFO  com.newtouch.buglifecycle.BugLifecycleApplication - Started BugLifecycleApplication in 2.998 seconds (JVM running for 3.843)
2019-03-01 09:26:11.586 [main] INFO  com.newtouch.buglifecycle.BugLifecycleApplication - Starting BugLifecycleApplication on TH-20170914WWKT with PID 5256 (C:\Users\lenovo\Desktop\git\eaas\bug-lifecycle\target\classes started by lenovo in C:\Users\lenovo\Desktop\git\eaas\bug-lifecycle)
2019-03-01 09:26:11.589 [main] DEBUG com.newtouch.buglifecycle.BugLifecycleApplication - Running with Spring Boot v2.1.3.RELEASE, Spring v5.1.5.RELEASE
2019-03-01 09:26:11.589 [main] INFO  com.newtouch.buglifecycle.BugLifecycleApplication - The following profiles are active: dev
2019-03-01 09:26:15.038 [main] INFO  com.newtouch.buglifecycle.BugLifecycleApplication - Started BugLifecycleApplication in 4.153 seconds (JVM running for 4.857)
2019-03-01 09:28:00.878 [main] INFO  com.newtouch.buglifecycle.BugLifecycleApplication - Starting BugLifecycleApplication on TH-20170914WWKT with PID 7600 (C:\Users\lenovo\Desktop\git\eaas\bug-lifecycle\target\classes started by lenovo in C:\Users\lenovo\Desktop\git\eaas\bug-lifecycle)
2019-03-01 09:28:00.882 [main] DEBUG com.newtouch.buglifecycle.BugLifecycleApplication - Running with Spring Boot v2.1.3.RELEASE, Spring v5.1.5.RELEASE
2019-03-01 09:28:00.882 [main] INFO  com.newtouch.buglifecycle.BugLifecycleApplication - The following profiles are active: dev
2019-03-01 09:28:03.341 [main] INFO  com.newtouch.buglifecycle.BugLifecycleApplication - Started BugLifecycleApplication in 3.09 seconds (JVM running for 3.747)
2019-03-01 09:28:59.776 [main] INFO  com.newtouch.buglifecycle.BugLifecycleApplication - Starting BugLifecycleApplication on TH-20170914WWKT with PID 6788 (C:\Users\lenovo\Desktop\git\eaas\bug-lifecycle\target\classes started by lenovo in C:\Users\lenovo\Desktop\git\eaas\bug-lifecycle)
2019-03-01 09:28:59.782 [main] DEBUG com.newtouch.buglifecycle.BugLifecycleApplication - Running with Spring Boot v2.1.3.RELEASE, Spring v5.1.5.RELEASE
2019-03-01 09:28:59.782 [main] INFO  com.newtouch.buglifecycle.BugLifecycleApplication - The following profiles are active: dev
2019-03-01 09:29:02.137 [main] INFO  com.newtouch.buglifecycle.BugLifecycleApplication - Started BugLifecycleApplication in 3.114 seconds (JVM running for 3.79)
2019-03-01 09:29:39.163 [main] INFO  com.newtouch.buglifecycle.BugLifecycleApplication - Starting BugLifecycleApplication on TH-20170914WWKT with PID 7724 (C:\Users\lenovo\Desktop\git\eaas\bug-lifecycle\target\classes started by lenovo in C:\Users\lenovo\Desktop\git\eaas\bug-lifecycle)
2019-03-01 09:29:39.165 [main] DEBUG com.newtouch.buglifecycle.BugLifecycleApplication - Running with Spring Boot v2.1.3.RELEASE, Spring v5.1.5.RELEASE
2019-03-01 09:29:39.165 [main] INFO  com.newtouch.buglifecycle.BugLifecycleApplication - The following profiles are active: dev
2019-03-01 09:29:41.352 [main] INFO  com.newtouch.buglifecycle.BugLifecycleApplication - Started BugLifecycleApplication in 3.016 seconds (JVM running for 3.755)
2019-03-01 09:42:20.179 [main] INFO  com.newtouch.buglifecycle.BugLifecycleApplication - Starting BugLifecycleApplication on TH-20170914WWKT with PID 7528 (C:\Users\lenovo\Desktop\git\eaas\bug-lifecycle\target\classes started by lenovo in C:\Users\lenovo\Desktop\git\eaas\bug-lifecycle)
2019-03-01 09:42:20.181 [main] DEBUG com.newtouch.buglifecycle.BugLifecycleApplication - Running with Spring Boot v2.1.3.RELEASE, Spring v5.1.5.RELEASE
2019-03-01 09:42:20.181 [main] INFO  com.newtouch.buglifecycle.BugLifecycleApplication - The following profiles are active: dev
2019-03-01 09:42:22.453 [main] INFO  com.newtouch.buglifecycle.BugLifecycleApplication - Started BugLifecycleApplication in 3.174 seconds (JVM running for 3.878)
2019-03-01 09:46:14.394 [main] INFO  com.newtouch.buglifecycle.BugLifecycleApplication - Starting BugLifecycleApplication on TH-20170914WWKT with PID 7628 (C:\Users\lenovo\Desktop\git\eaas\bug-lifecycle\target\classes started by lenovo in C:\Users\lenovo\Desktop\git\eaas\bug-lifecycle)
2019-03-01 09:46:14.397 [main] DEBUG com.newtouch.buglifecycle.BugLifecycleApplication - Running with Spring Boot v2.1.3.RELEASE, Spring v5.1.5.RELEASE
2019-03-01 09:46:14.397 [main] INFO  com.newtouch.buglifecycle.BugLifecycleApplication - The following profiles are active: dev
2019-03-01 09:46:16.995 [main] INFO  com.newtouch.buglifecycle.BugLifecycleApplication - Started BugLifecycleApplication in 3.073 seconds (JVM running for 3.718)
2019-03-01 09:46:57.298 [main] INFO  com.newtouch.buglifecycle.BugLifecycleApplication - Starting BugLifecycleApplication on TH-20170914WWKT with PID 2436 (C:\Users\lenovo\Desktop\git\eaas\bug-lifecycle\target\classes started by lenovo in C:\Users\lenovo\Desktop\git\eaas\bug-lifecycle)
2019-03-01 09:46:57.298 [main] DEBUG com.newtouch.buglifecycle.BugLifecycleApplication - Running with Spring Boot v2.1.3.RELEASE, Spring v5.1.5.RELEASE
2019-03-01 09:46:57.298 [main] INFO  com.newtouch.buglifecycle.BugLifecycleApplication - The following profiles are active: dev
2019-03-01 09:46:59.737 [main] INFO  com.newtouch.buglifecycle.BugLifecycleApplication - Started BugLifecycleApplication in 3.089 seconds (JVM running for 3.85)
2019-03-01 09:51:05.128 [http-nio-8080-exec-10] DEBUG com.newtouch.buglifecycle.dao.HomeDao.getBugByHour - ==>  Preparing: SELECT CASE WHEN TIMESTAMPDIFF(HOUR, b.openedDate, now()) < 24 THEN "小于24小时" WHEN TIMESTAMPDIFF(HOUR, b.openedDate, now()) > 24 AND TIMESTAMPDIFF(HOUR, b.openedDate, now()) < 48 THEN "小于48小时" WHEN TIMESTAMPDIFF(HOUR, b.openedDate, now()) > 48 THEN "大于48小时" END `name`, count(1) `value`, CASE WHEN TIMESTAMPDIFF(HOUR, b.openedDate, now()) < 24 THEN "lt24" WHEN TIMESTAMPDIFF(HOUR, b.openedDate, now()) > 24 AND TIMESTAMPDIFF(HOUR, b.openedDate, now()) < 48 THEN "gt24lt48" WHEN TIMESTAMPDIFF(HOUR, b.openedDate, now()) > 48 THEN "gt48" END `key` FROM zt_bug b LEFT JOIN zt_product pd ON b.product = pd.id LEFT JOIN zt_project pj ON b.project = pj.id WHERE b. STATUS = "active" group by `name`,`key` 
2019-03-01 09:51:05.138 [http-nio-8080-exec-4] DEBUG c.newtouch.buglifecycle.dao.HomeDao.getSystemList - ==>  Preparing: select id `value` ,`name` label from zt_product; 
2019-03-01 09:51:05.154 [http-nio-8080-exec-8] DEBUG c.newtouch.buglifecycle.dao.HomeDao.getSystemList - ==>  Preparing: select id `value` ,`name` label from zt_product; 
2019-03-01 09:51:05.154 [http-nio-8080-exec-10] DEBUG com.newtouch.buglifecycle.dao.HomeDao.getBugByHour - ==> Parameters: 
2019-03-01 09:51:05.154 [http-nio-8080-exec-4] DEBUG c.newtouch.buglifecycle.dao.HomeDao.getSystemList - ==> Parameters: 
2019-03-01 09:51:05.154 [http-nio-8080-exec-8] DEBUG c.newtouch.buglifecycle.dao.HomeDao.getSystemList - ==> Parameters: 
2019-03-01 09:51:05.171 [http-nio-8080-exec-3] DEBUG c.newtouch.buglifecycle.dao.HomeDao.getSystemList - ==>  Preparing: select id `value` ,`name` label from zt_product; 
2019-03-01 09:51:05.171 [http-nio-8080-exec-3] DEBUG c.newtouch.buglifecycle.dao.HomeDao.getSystemList - ==> Parameters: 
2019-03-01 09:51:05.185 [http-nio-8080-exec-9] DEBUG c.newtouch.buglifecycle.dao.HomeDao.getSystemList - ==>  Preparing: select id `value` ,`name` label from zt_product; 
2019-03-01 09:51:05.185 [http-nio-8080-exec-9] DEBUG c.newtouch.buglifecycle.dao.HomeDao.getSystemList - ==> Parameters: 
2019-03-01 09:51:05.240 [http-nio-8080-exec-8] TRACE c.newtouch.buglifecycle.dao.HomeDao.getSystemList - <==    Columns: value, label
2019-03-01 09:51:05.240 [http-nio-8080-exec-4] TRACE c.newtouch.buglifecycle.dao.HomeDao.getSystemList - <==    Columns: value, label
2019-03-01 09:51:05.241 [http-nio-8080-exec-4] TRACE c.newtouch.buglifecycle.dao.HomeDao.getSystemList - <==        Row: 1, 受理平台
2019-03-01 09:51:05.241 [http-nio-8080-exec-8] TRACE c.newtouch.buglifecycle.dao.HomeDao.getSystemList - <==        Row: 1, 受理平台
2019-03-01 09:51:05.240 [http-nio-8080-exec-10] TRACE com.newtouch.buglifecycle.dao.HomeDao.getBugByHour - <==    Columns: name, value, key
2019-03-01 09:51:05.241 [http-nio-8080-exec-10] TRACE com.newtouch.buglifecycle.dao.HomeDao.getBugByHour - <==        Row: 大于48小时, 1, gt48
2019-03-01 09:51:05.240 [http-nio-8080-exec-3] TRACE c.newtouch.buglifecycle.dao.HomeDao.getSystemList - <==    Columns: value, label
2019-03-01 09:51:05.241 [http-nio-8080-exec-9] TRACE c.newtouch.buglifecycle.dao.HomeDao.getSystemList - <==    Columns: value, label
2019-03-01 09:51:05.241 [http-nio-8080-exec-3] TRACE c.newtouch.buglifecycle.dao.HomeDao.getSystemList - <==        Row: 1, 受理平台
2019-03-01 09:51:05.241 [http-nio-8080-exec-9] TRACE c.newtouch.buglifecycle.dao.HomeDao.getSystemList - <==        Row: 1, 受理平台
2019-03-01 09:51:05.242 [http-nio-8080-exec-9] TRACE c.newtouch.buglifecycle.dao.HomeDao.getSystemList - <==        Row: 2, 受理平台
2019-03-01 09:51:05.242 [http-nio-8080-exec-3] TRACE c.newtouch.buglifecycle.dao.HomeDao.getSystemList - <==        Row: 2, 受理平台
2019-03-01 09:51:05.242 [http-nio-8080-exec-9] DEBUG c.newtouch.buglifecycle.dao.HomeDao.getSystemList - <==      Total: 2
2019-03-01 09:51:05.242 [http-nio-8080-exec-3] DEBUG c.newtouch.buglifecycle.dao.HomeDao.getSystemList - <==      Total: 2
2019-03-01 09:51:05.242 [http-nio-8080-exec-4] TRACE c.newtouch.buglifecycle.dao.HomeDao.getSystemList - <==        Row: 2, 受理平台
2019-03-01 09:51:05.242 [http-nio-8080-exec-4] DEBUG c.newtouch.buglifecycle.dao.HomeDao.getSystemList - <==      Total: 2
2019-03-01 09:51:05.242 [http-nio-8080-exec-8] TRACE c.newtouch.buglifecycle.dao.HomeDao.getSystemList - <==        Row: 2, 受理平台
2019-03-01 09:51:05.243 [http-nio-8080-exec-8] DEBUG c.newtouch.buglifecycle.dao.HomeDao.getSystemList - <==      Total: 2
2019-03-01 09:51:05.244 [http-nio-8080-exec-10] DEBUG com.newtouch.buglifecycle.dao.HomeDao.getBugByHour - <==      Total: 1
2019-03-01 09:51:05.245 [http-nio-8080-exec-8] DEBUG c.newtouch.buglifecycle.dao.HomeDao.getVersionList - ==>  Preparing: select id `value` ,`name` label from zt_project; 
2019-03-01 09:51:05.246 [http-nio-8080-exec-8] DEBUG c.newtouch.buglifecycle.dao.HomeDao.getVersionList - ==> Parameters: 
2019-03-01 09:51:05.246 [http-nio-8080-exec-4] DEBUG c.newtouch.buglifecycle.dao.HomeDao.getVersionList - ==>  Preparing: select id `value` ,`name` label from zt_project; 
2019-03-01 09:51:05.246 [http-nio-8080-exec-4] DEBUG c.newtouch.buglifecycle.dao.HomeDao.getVersionList - ==> Parameters: 
2019-03-01 09:51:05.246 [http-nio-8080-exec-9] DEBUG c.newtouch.buglifecycle.dao.HomeDao.getVersionList - ==>  Preparing: select id `value` ,`name` label from zt_project; 
2019-03-01 09:51:05.246 [http-nio-8080-exec-9] DEBUG c.newtouch.buglifecycle.dao.HomeDao.getVersionList - ==> Parameters: 
2019-03-01 09:51:05.246 [http-nio-8080-exec-3] DEBUG c.newtouch.buglifecycle.dao.HomeDao.getVersionList - ==>  Preparing: select id `value` ,`name` label from zt_project; 
2019-03-01 09:51:05.247 [http-nio-8080-exec-3] DEBUG c.newtouch.buglifecycle.dao.HomeDao.getVersionList - ==> Parameters: 
2019-03-01 09:51:05.248 [http-nio-8080-exec-8] TRACE c.newtouch.buglifecycle.dao.HomeDao.getVersionList - <==    Columns: value, label
2019-03-01 09:51:05.248 [http-nio-8080-exec-8] TRACE c.newtouch.buglifecycle.dao.HomeDao.getVersionList - <==        Row: 1, V1.0
2019-03-01 09:51:05.248 [http-nio-8080-exec-8] TRACE c.newtouch.buglifecycle.dao.HomeDao.getVersionList - <==        Row: 2, V1.0
2019-03-01 09:51:05.248 [http-nio-8080-exec-8] DEBUG c.newtouch.buglifecycle.dao.HomeDao.getVersionList - <==      Total: 2
2019-03-01 09:51:05.249 [http-nio-8080-exec-4] TRACE c.newtouch.buglifecycle.dao.HomeDao.getVersionList - <==    Columns: value, label
2019-03-01 09:51:05.249 [http-nio-8080-exec-4] TRACE c.newtouch.buglifecycle.dao.HomeDao.getVersionList - <==        Row: 1, V1.0
2019-03-01 09:51:05.249 [http-nio-8080-exec-3] TRACE c.newtouch.buglifecycle.dao.HomeDao.getVersionList - <==    Columns: value, label
2019-03-01 09:51:05.249 [http-nio-8080-exec-4] TRACE c.newtouch.buglifecycle.dao.HomeDao.getVersionList - <==        Row: 2, V1.0
2019-03-01 09:51:05.249 [http-nio-8080-exec-3] TRACE c.newtouch.buglifecycle.dao.HomeDao.getVersionList - <==        Row: 1, V1.0
2019-03-01 09:51:05.250 [http-nio-8080-exec-4] DEBUG c.newtouch.buglifecycle.dao.HomeDao.getVersionList - <==      Total: 2
2019-03-01 09:51:05.250 [http-nio-8080-exec-9] TRACE c.newtouch.buglifecycle.dao.HomeDao.getVersionList - <==    Columns: value, label
2019-03-01 09:51:05.250 [http-nio-8080-exec-9] TRACE c.newtouch.buglifecycle.dao.HomeDao.getVersionList - <==        Row: 1, V1.0
2019-03-01 09:51:05.250 [http-nio-8080-exec-9] TRACE c.newtouch.buglifecycle.dao.HomeDao.getVersionList - <==        Row: 2, V1.0
2019-03-01 09:51:05.250 [http-nio-8080-exec-3] TRACE c.newtouch.buglifecycle.dao.HomeDao.getVersionList - <==        Row: 2, V1.0
2019-03-01 09:51:05.250 [http-nio-8080-exec-9] DEBUG c.newtouch.buglifecycle.dao.HomeDao.getVersionList - <==      Total: 2
2019-03-01 09:51:05.250 [http-nio-8080-exec-3] DEBUG c.newtouch.buglifecycle.dao.HomeDao.getVersionList - <==      Total: 2
2019-03-01 09:51:07.041 [http-nio-8080-exec-7] DEBUG c.newtouch.buglifecycle.dao.HomeDao.getSystemList - ==>  Preparing: select id `value` ,`name` label from zt_product; 
2019-03-01 09:51:07.042 [http-nio-8080-exec-7] DEBUG c.newtouch.buglifecycle.dao.HomeDao.getSystemList - ==> Parameters: 
2019-03-01 09:51:07.044 [http-nio-8080-exec-7] TRACE c.newtouch.buglifecycle.dao.HomeDao.getSystemList - <==    Columns: value, label
2019-03-01 09:51:07.044 [http-nio-8080-exec-7] TRACE c.newtouch.buglifecycle.dao.HomeDao.getSystemList - <==        Row: 1, 受理平台
2019-03-01 09:51:07.045 [http-nio-8080-exec-7] TRACE c.newtouch.buglifecycle.dao.HomeDao.getSystemList - <==        Row: 2, 受理平台
2019-03-01 09:51:07.045 [http-nio-8080-exec-7] DEBUG c.newtouch.buglifecycle.dao.HomeDao.getSystemList - <==      Total: 2
2019-03-01 09:51:07.046 [http-nio-8080-exec-7] DEBUG c.newtouch.buglifecycle.dao.HomeDao.getVersionList - ==>  Preparing: select id `value` ,`name` label from zt_project; 
2019-03-01 09:51:07.046 [http-nio-8080-exec-7] DEBUG c.newtouch.buglifecycle.dao.HomeDao.getVersionList - ==> Parameters: 
2019-03-01 09:51:07.048 [http-nio-8080-exec-7] TRACE c.newtouch.buglifecycle.dao.HomeDao.getVersionList - <==    Columns: value, label
2019-03-01 09:51:07.048 [http-nio-8080-exec-7] TRACE c.newtouch.buglifecycle.dao.HomeDao.getVersionList - <==        Row: 1, V1.0
2019-03-01 09:51:07.048 [http-nio-8080-exec-7] TRACE c.newtouch.buglifecycle.dao.HomeDao.getVersionList - <==        Row: 2, V1.0
2019-03-01 09:51:07.049 [http-nio-8080-exec-7] DEBUG c.newtouch.buglifecycle.dao.HomeDao.getVersionList - <==      Total: 2
2019-03-01 09:51:07.058 [http-nio-8080-exec-7] DEBUG c.newtouch.buglifecycle.dao.HomeDao.getSystemList - ==>  Preparing: select id `value` ,`name` label from zt_product; 
2019-03-01 09:51:07.058 [http-nio-8080-exec-7] DEBUG c.newtouch.buglifecycle.dao.HomeDao.getSystemList - ==> Parameters: 
2019-03-01 09:51:07.061 [http-nio-8080-exec-7] TRACE c.newtouch.buglifecycle.dao.HomeDao.getSystemList - <==    Columns: value, label
2019-03-01 09:51:07.063 [http-nio-8080-exec-7] TRACE c.newtouch.buglifecycle.dao.HomeDao.getSystemList - <==        Row: 1, 受理平台
2019-03-01 09:51:07.063 [http-nio-8080-exec-7] TRACE c.newtouch.buglifecycle.dao.HomeDao.getSystemList - <==        Row: 2, 受理平台
2019-03-01 09:51:07.063 [http-nio-8080-exec-7] DEBUG c.newtouch.buglifecycle.dao.HomeDao.getSystemList - <==      Total: 2
2019-03-01 09:51:07.066 [http-nio-8080-exec-7] DEBUG c.newtouch.buglifecycle.dao.HomeDao.getVersionList - ==>  Preparing: select id `value` ,`name` label from zt_project; 
2019-03-01 09:51:07.066 [http-nio-8080-exec-7] DEBUG c.newtouch.buglifecycle.dao.HomeDao.getVersionList - ==> Parameters: 
2019-03-01 09:51:07.067 [http-nio-8080-exec-1] DEBUG com.newtouch.buglifecycle.dao.HomeDao.getBugByHour - ==>  Preparing: SELECT CASE WHEN TIMESTAMPDIFF(HOUR, b.openedDate, now()) < 24 THEN "小于24小时" WHEN TIMESTAMPDIFF(HOUR, b.openedDate, now()) > 24 AND TIMESTAMPDIFF(HOUR, b.openedDate, now()) < 48 THEN "小于48小时" WHEN TIMESTAMPDIFF(HOUR, b.openedDate, now()) > 48 THEN "大于48小时" END `name`, count(1) `value`, CASE WHEN TIMESTAMPDIFF(HOUR, b.openedDate, now()) < 24 THEN "lt24" WHEN TIMESTAMPDIFF(HOUR, b.openedDate, now()) > 24 AND TIMESTAMPDIFF(HOUR, b.openedDate, now()) < 48 THEN "gt24lt48" WHEN TIMESTAMPDIFF(HOUR, b.openedDate, now()) > 48 THEN "gt48" END `key` FROM zt_bug b LEFT JOIN zt_product pd ON b.product = pd.id LEFT JOIN zt_project pj ON b.project = pj.id WHERE b. STATUS = "active" group by `name`,`key` 
2019-03-01 09:51:07.067 [http-nio-8080-exec-1] DEBUG com.newtouch.buglifecycle.dao.HomeDao.getBugByHour - ==> Parameters: 
2019-03-01 09:51:07.067 [http-nio-8080-exec-7] TRACE c.newtouch.buglifecycle.dao.HomeDao.getVersionList - <==    Columns: value, label
2019-03-01 09:51:07.068 [http-nio-8080-exec-7] TRACE c.newtouch.buglifecycle.dao.HomeDao.getVersionList - <==        Row: 1, V1.0
2019-03-01 09:51:07.068 [http-nio-8080-exec-7] TRACE c.newtouch.buglifecycle.dao.HomeDao.getVersionList - <==        Row: 2, V1.0
2019-03-01 09:51:07.068 [http-nio-8080-exec-7] DEBUG c.newtouch.buglifecycle.dao.HomeDao.getVersionList - <==      Total: 2
2019-03-01 09:51:07.069 [http-nio-8080-exec-1] TRACE com.newtouch.buglifecycle.dao.HomeDao.getBugByHour - <==    Columns: name, value, key
2019-03-01 09:51:07.069 [http-nio-8080-exec-1] TRACE com.newtouch.buglifecycle.dao.HomeDao.getBugByHour - <==        Row: 大于48小时, 1, gt48
2019-03-01 09:51:07.070 [http-nio-8080-exec-1] DEBUG com.newtouch.buglifecycle.dao.HomeDao.getBugByHour - <==      Total: 1
2019-03-01 09:51:58.869 [main] INFO  com.newtouch.buglifecycle.BugLifecycleApplication - Starting BugLifecycleApplication on TH-20170914WWKT with PID 7080 (C:\Users\lenovo\Desktop\git\eaas\bug-lifecycle\target\classes started by lenovo in C:\Users\lenovo\Desktop\git\eaas\bug-lifecycle)
2019-03-01 09:51:58.871 [main] DEBUG com.newtouch.buglifecycle.BugLifecycleApplication - Running with Spring Boot v2.1.3.RELEASE, Spring v5.1.5.RELEASE
2019-03-01 09:51:58.872 [main] INFO  com.newtouch.buglifecycle.BugLifecycleApplication - The following profiles are active: dev
2019-03-01 09:52:01.199 [main] INFO  com.newtouch.buglifecycle.BugLifecycleApplication - Started BugLifecycleApplication in 2.96 seconds (JVM running for 3.583)
2019-03-01 09:58:56.870 [http-nio-8080-exec-7] DEBUG c.newtouch.buglifecycle.dao.HomeDao.getSystemList - ==>  Preparing: select id `value` ,`name` label from zt_product; 
2019-03-01 09:58:56.894 [http-nio-8080-exec-7] DEBUG c.newtouch.buglifecycle.dao.HomeDao.getSystemList - ==> Parameters: 
2019-03-01 09:58:56.879 [http-nio-8080-exec-10] DEBUG com.newtouch.buglifecycle.dao.HomeDao.getBugByHour - ==>  Preparing: SELECT CASE WHEN TIMESTAMPDIFF(HOUR, b.openedDate, now()) < 24 THEN "小于24小时" WHEN TIMESTAMPDIFF(HOUR, b.openedDate, now()) > 24 AND TIMESTAMPDIFF(HOUR, b.openedDate, now()) < 48 THEN "小于48小时" WHEN TIMESTAMPDIFF(HOUR, b.openedDate, now()) > 48 THEN "大于48小时" END `name`, count(1) `value`, CASE WHEN TIMESTAMPDIFF(HOUR, b.openedDate, now()) < 24 THEN "lt24" WHEN TIMESTAMPDIFF(HOUR, b.openedDate, now()) > 24 AND TIMESTAMPDIFF(HOUR, b.openedDate, now()) < 48 THEN "gt24lt48" WHEN TIMESTAMPDIFF(HOUR, b.openedDate, now()) > 48 THEN "gt48" END `key` FROM zt_bug b LEFT JOIN zt_product pd ON b.product = pd.id LEFT JOIN zt_project pj ON b.project = pj.id WHERE b. STATUS = "active" group by `name`,`key` 
2019-03-01 09:58:56.912 [http-nio-8080-exec-10] DEBUG com.newtouch.buglifecycle.dao.HomeDao.getBugByHour - ==> Parameters: 
2019-03-01 09:58:56.933 [http-nio-8080-exec-10] TRACE com.newtouch.buglifecycle.dao.HomeDao.getBugByHour - <==    Columns: name, value, key
2019-03-01 09:58:56.933 [http-nio-8080-exec-7] TRACE c.newtouch.buglifecycle.dao.HomeDao.getSystemList - <==    Columns: value, label
2019-03-01 09:58:56.933 [http-nio-8080-exec-7] TRACE c.newtouch.buglifecycle.dao.HomeDao.getSystemList - <==        Row: 1, 受理平台
2019-03-01 09:58:56.933 [http-nio-8080-exec-10] TRACE com.newtouch.buglifecycle.dao.HomeDao.getBugByHour - <==        Row: 大于48小时, 1, gt48
2019-03-01 09:58:56.950 [http-nio-8080-exec-7] TRACE c.newtouch.buglifecycle.dao.HomeDao.getSystemList - <==        Row: 2, 受理平台
2019-03-01 09:58:56.951 [http-nio-8080-exec-7] DEBUG c.newtouch.buglifecycle.dao.HomeDao.getSystemList - <==      Total: 2
2019-03-01 09:58:56.951 [http-nio-8080-exec-10] DEBUG com.newtouch.buglifecycle.dao.HomeDao.getBugByHour - <==      Total: 1
2019-03-01 09:58:56.955 [http-nio-8080-exec-7] DEBUG c.newtouch.buglifecycle.dao.HomeDao.getVersionList - ==>  Preparing: select id `value` ,`name` label from zt_project; 
2019-03-01 09:58:56.955 [http-nio-8080-exec-7] DEBUG c.newtouch.buglifecycle.dao.HomeDao.getVersionList - ==> Parameters: 
2019-03-01 09:58:56.957 [http-nio-8080-exec-7] TRACE c.newtouch.buglifecycle.dao.HomeDao.getVersionList - <==    Columns: value, label
2019-03-01 09:58:56.957 [http-nio-8080-exec-7] TRACE c.newtouch.buglifecycle.dao.HomeDao.getVersionList - <==        Row: 1, V1.0
2019-03-01 09:58:56.958 [http-nio-8080-exec-7] TRACE c.newtouch.buglifecycle.dao.HomeDao.getVersionList - <==        Row: 2, V1.0
2019-03-01 09:58:56.958 [http-nio-8080-exec-7] DEBUG c.newtouch.buglifecycle.dao.HomeDao.getVersionList - <==      Total: 2
2019-03-01 09:58:56.966 [http-nio-8080-exec-4] DEBUG c.newtouch.buglifecycle.dao.HomeDao.getSystemList - ==>  Preparing: select id `value` ,`name` label from zt_product; 
2019-03-01 09:58:56.966 [http-nio-8080-exec-4] DEBUG c.newtouch.buglifecycle.dao.HomeDao.getSystemList - ==> Parameters: 
2019-03-01 09:58:56.969 [http-nio-8080-exec-4] TRACE c.newtouch.buglifecycle.dao.HomeDao.getSystemList - <==    Columns: value, label
2019-03-01 09:58:56.969 [http-nio-8080-exec-4] TRACE c.newtouch.buglifecycle.dao.HomeDao.getSystemList - <==        Row: 1, 受理平台
2019-03-01 09:58:56.969 [http-nio-8080-exec-4] TRACE c.newtouch.buglifecycle.dao.HomeDao.getSystemList - <==        Row: 2, 受理平台
2019-03-01 09:58:56.969 [http-nio-8080-exec-4] DEBUG c.newtouch.buglifecycle.dao.HomeDao.getSystemList - <==      Total: 2
2019-03-01 09:58:56.969 [http-nio-8080-exec-4] DEBUG c.newtouch.buglifecycle.dao.HomeDao.getVersionList - ==>  Preparing: select id `value` ,`name` label from zt_project; 
2019-03-01 09:58:56.970 [http-nio-8080-exec-4] DEBUG c.newtouch.buglifecycle.dao.HomeDao.getVersionList - ==> Parameters: 
2019-03-01 09:58:56.971 [http-nio-8080-exec-4] TRACE c.newtouch.buglifecycle.dao.HomeDao.getVersionList - <==    Columns: value, label
2019-03-01 09:58:56.971 [http-nio-8080-exec-4] TRACE c.newtouch.buglifecycle.dao.HomeDao.getVersionList - <==        Row: 1, V1.0
2019-03-01 09:58:56.971 [http-nio-8080-exec-4] TRACE c.newtouch.buglifecycle.dao.HomeDao.getVersionList - <==        Row: 2, V1.0
2019-03-01 09:58:56.972 [http-nio-8080-exec-4] DEBUG c.newtouch.buglifecycle.dao.HomeDao.getVersionList - <==      Total: 2
2019-03-01 09:59:02.072 [http-nio-8080-exec-5] DEBUG c.n.b.dao.UnsolvedBugDetialDao.findBugDetailPage - ==>  Preparing: SELECT a.id as id, b.name as projectName, TIMESTAMPDIFF(hour,a.openedDate,now()) as putHours, a.type as type, a.title as title, d.realname as openedBy, e.realname as assignedTo, f.realname as resolvedBy, a.resolution as resolution FROM zt_bug a LEFT JOIN zt_product b ON a.product = b.id LEFT JOIN zt_project c ON a.project = c.id LEFT JOIN zt_user d ON a.openedBy = d.account LEFT JOIN zt_user e ON a.assignedTo = e.account LEFT JOIN zt_user f ON a.resolvedBy = f.account WHERE 1=1 limit ?,? 
2019-03-01 09:59:02.073 [http-nio-8080-exec-5] DEBUG c.n.b.dao.UnsolvedBugDetialDao.findBugDetailPage - ==> Parameters: 0(Integer), 20(Integer)
2019-03-01 09:59:02.108 [http-nio-8080-exec-5] TRACE c.n.b.dao.UnsolvedBugDetialDao.findBugDetailPage - <==    Columns: id, projectName, putHours, type, title, openedBy, assignedTo, resolvedBy, resolution
2019-03-01 09:59:02.109 [http-nio-8080-exec-5] TRACE c.n.b.dao.UnsolvedBugDetialDao.findBugDetailPage - <==        Row: 1, 受理平台, 595, codeerror, wwwe, 张三, 张三, 张三, 1
2019-03-01 09:59:02.110 [http-nio-8080-exec-5] TRACE c.n.b.dao.UnsolvedBugDetialDao.findBugDetailPage - <==        Row: 2, 受理平台, 571, redev, 234, 李四, 张三, 李四, 1
2019-03-01 09:59:02.111 [http-nio-8080-exec-5] DEBUG c.n.b.dao.UnsolvedBugDetialDao.findBugDetailPage - <==      Total: 2
2019-03-01 09:59:06.300 [http-nio-8080-exec-9] DEBUG c.n.b.dao.UnsolvedBugDetialDao.findBugDetailPage - ==>  Preparing: SELECT a.id as id, b.name as projectName, TIMESTAMPDIFF(hour,a.openedDate,now()) as putHours, a.type as type, a.title as title, d.realname as openedBy, e.realname as assignedTo, f.realname as resolvedBy, a.resolution as resolution FROM zt_bug a LEFT JOIN zt_product b ON a.product = b.id LEFT JOIN zt_project c ON a.project = c.id LEFT JOIN zt_user d ON a.openedBy = d.account LEFT JOIN zt_user e ON a.assignedTo = e.account LEFT JOIN zt_user f ON a.resolvedBy = f.account WHERE 1=1 limit ?,? 
2019-03-01 09:59:06.301 [http-nio-8080-exec-9] DEBUG c.n.b.dao.UnsolvedBugDetialDao.findBugDetailPage - ==> Parameters: 0(Integer), 20(Integer)
2019-03-01 09:59:06.303 [http-nio-8080-exec-9] TRACE c.n.b.dao.UnsolvedBugDetialDao.findBugDetailPage - <==    Columns: id, projectName, putHours, type, title, openedBy, assignedTo, resolvedBy, resolution
2019-03-01 09:59:06.303 [http-nio-8080-exec-9] TRACE c.n.b.dao.UnsolvedBugDetialDao.findBugDetailPage - <==        Row: 1, 受理平台, 595, codeerror, wwwe, 张三, 张三, 张三, 1
2019-03-01 09:59:06.303 [http-nio-8080-exec-9] TRACE c.n.b.dao.UnsolvedBugDetialDao.findBugDetailPage - <==        Row: 2, 受理平台, 571, redev, 234, 李四, 张三, 李四, 1
2019-03-01 09:59:06.303 [http-nio-8080-exec-9] DEBUG c.n.b.dao.UnsolvedBugDetialDao.findBugDetailPage - <==      Total: 2
2019-03-01 10:04:06.573 [main] INFO  com.newtouch.buglifecycle.BugLifecycleApplication - Starting BugLifecycleApplication on TH-20170914WWKT with PID 8064 (C:\Users\lenovo\Desktop\git\eaas\bug-lifecycle\target\classes started by lenovo in C:\Users\lenovo\Desktop\git\eaas\bug-lifecycle)
2019-03-01 10:04:06.576 [main] DEBUG com.newtouch.buglifecycle.BugLifecycleApplication - Running with Spring Boot v2.1.3.RELEASE, Spring v5.1.5.RELEASE
2019-03-01 10:04:06.576 [main] INFO  com.newtouch.buglifecycle.BugLifecycleApplication - The following profiles are active: dev
2019-03-01 10:04:08.811 [main] INFO  com.newtouch.buglifecycle.BugLifecycleApplication - Started BugLifecycleApplication in 3.043 seconds (JVM running for 3.758)
2019-03-01 10:06:13.829 [main] INFO  com.newtouch.buglifecycle.BugLifecycleApplication - Starting BugLifecycleApplication on TH-20170914WWKT with PID 6788 (C:\Users\lenovo\Desktop\git\eaas\bug-lifecycle\target\classes started by lenovo in C:\Users\lenovo\Desktop\git\eaas\bug-lifecycle)
2019-03-01 10:06:13.832 [main] DEBUG com.newtouch.buglifecycle.BugLifecycleApplication - Running with Spring Boot v2.1.3.RELEASE, Spring v5.1.5.RELEASE
2019-03-01 10:06:13.832 [main] INFO  com.newtouch.buglifecycle.BugLifecycleApplication - The following profiles are active: dev
2019-03-01 10:06:16.115 [main] INFO  com.newtouch.buglifecycle.BugLifecycleApplication - Started BugLifecycleApplication in 3.009 seconds (JVM running for 3.986)
2019-03-01 10:06:17.443 [http-nio-8080-exec-2] DEBUG c.newtouch.buglifecycle.dao.HomeDao.getSystemList - ==>  Preparing: select id `value` ,`name` label from zt_product; 
2019-03-01 10:06:17.458 [http-nio-8080-exec-5] DEBUG c.newtouch.buglifecycle.dao.HomeDao.getSystemList - ==>  Preparing: select id `value` ,`name` label from zt_product; 
2019-03-01 10:06:17.458 [http-nio-8080-exec-4] DEBUG com.newtouch.buglifecycle.dao.HomeDao.getBugByHour - ==>  Preparing: SELECT CASE WHEN TIMESTAMPDIFF(HOUR, b.openedDate, now()) < 24 THEN "小于24小时" WHEN TIMESTAMPDIFF(HOUR, b.openedDate, now()) > 24 AND TIMESTAMPDIFF(HOUR, b.openedDate, now()) < 48 THEN "小于48小时" WHEN TIMESTAMPDIFF(HOUR, b.openedDate, now()) > 48 THEN "大于48小时" END `name`, count(1) `value`, CASE WHEN TIMESTAMPDIFF(HOUR, b.openedDate, now()) < 24 THEN "lt24" WHEN TIMESTAMPDIFF(HOUR, b.openedDate, now()) > 24 AND TIMESTAMPDIFF(HOUR, b.openedDate, now()) < 48 THEN "gt24lt48" WHEN TIMESTAMPDIFF(HOUR, b.openedDate, now()) > 48 THEN "gt48" END `key` FROM zt_bug b LEFT JOIN zt_product pd ON b.product = pd.id LEFT JOIN zt_project pj ON b.project = pj.id WHERE b. STATUS = "active" group by `name`,`key` 
2019-03-01 10:06:17.474 [http-nio-8080-exec-4] DEBUG com.newtouch.buglifecycle.dao.HomeDao.getBugByHour - ==> Parameters: 
2019-03-01 10:06:17.474 [http-nio-8080-exec-5] DEBUG c.newtouch.buglifecycle.dao.HomeDao.getSystemList - ==> Parameters: 
2019-03-01 10:06:17.474 [http-nio-8080-exec-2] DEBUG c.newtouch.buglifecycle.dao.HomeDao.getSystemList - ==> Parameters: 
2019-03-01 10:06:17.489 [http-nio-8080-exec-2] TRACE c.newtouch.buglifecycle.dao.HomeDao.getSystemList - <==    Columns: value, label
2019-03-01 10:06:17.489 [http-nio-8080-exec-4] TRACE com.newtouch.buglifecycle.dao.HomeDao.getBugByHour - <==    Columns: name, value, key
2019-03-01 10:06:17.489 [http-nio-8080-exec-5] TRACE c.newtouch.buglifecycle.dao.HomeDao.getSystemList - <==    Columns: value, label
2019-03-01 10:06:17.489 [http-nio-8080-exec-5] TRACE c.newtouch.buglifecycle.dao.HomeDao.getSystemList - <==        Row: 1, 受理平台
2019-03-01 10:06:17.489 [http-nio-8080-exec-2] TRACE c.newtouch.buglifecycle.dao.HomeDao.getSystemList - <==        Row: 1, 受理平台
2019-03-01 10:06:17.489 [http-nio-8080-exec-4] TRACE com.newtouch.buglifecycle.dao.HomeDao.getBugByHour - <==        Row: 大于48小时, 1, gt48
2019-03-01 10:06:17.489 [http-nio-8080-exec-2] TRACE c.newtouch.buglifecycle.dao.HomeDao.getSystemList - <==        Row: 2, 受理平台
2019-03-01 10:06:17.489 [http-nio-8080-exec-5] TRACE c.newtouch.buglifecycle.dao.HomeDao.getSystemList - <==        Row: 2, 受理平台
2019-03-01 10:06:17.489 [http-nio-8080-exec-2] DEBUG c.newtouch.buglifecycle.dao.HomeDao.getSystemList - <==      Total: 2
2019-03-01 10:06:17.489 [http-nio-8080-exec-5] DEBUG c.newtouch.buglifecycle.dao.HomeDao.getSystemList - <==      Total: 2
2019-03-01 10:06:17.489 [http-nio-8080-exec-4] DEBUG com.newtouch.buglifecycle.dao.HomeDao.getBugByHour - <==      Total: 1
2019-03-01 10:06:17.489 [http-nio-8080-exec-5] DEBUG c.newtouch.buglifecycle.dao.HomeDao.getVersionList - ==>  Preparing: select id `value` ,`name` label from zt_project; 
2019-03-01 10:06:17.489 [http-nio-8080-exec-5] DEBUG c.newtouch.buglifecycle.dao.HomeDao.getVersionList - ==> Parameters: 
2019-03-01 10:06:17.489 [http-nio-8080-exec-2] DEBUG c.newtouch.buglifecycle.dao.HomeDao.getVersionList - ==>  Preparing: select id `value` ,`name` label from zt_project; 
2019-03-01 10:06:17.489 [http-nio-8080-exec-2] DEBUG c.newtouch.buglifecycle.dao.HomeDao.getVersionList - ==> Parameters: 
2019-03-01 10:06:17.489 [http-nio-8080-exec-5] TRACE c.newtouch.buglifecycle.dao.HomeDao.getVersionList - <==    Columns: value, label
2019-03-01 10:06:17.489 [http-nio-8080-exec-5] TRACE c.newtouch.buglifecycle.dao.HomeDao.getVersionList - <==        Row: 1, V1.0
2019-03-01 10:06:17.505 [http-nio-8080-exec-5] TRACE c.newtouch.buglifecycle.dao.HomeDao.getVersionList - <==        Row: 2, V1.0
2019-03-01 10:06:17.505 [http-nio-8080-exec-5] DEBUG c.newtouch.buglifecycle.dao.HomeDao.getVersionList - <==      Total: 2
2019-03-01 10:06:17.505 [http-nio-8080-exec-2] TRACE c.newtouch.buglifecycle.dao.HomeDao.getVersionList - <==    Columns: value, label
2019-03-01 10:06:17.505 [http-nio-8080-exec-2] TRACE c.newtouch.buglifecycle.dao.HomeDao.getVersionList - <==        Row: 1, V1.0
2019-03-01 10:06:17.505 [http-nio-8080-exec-2] TRACE c.newtouch.buglifecycle.dao.HomeDao.getVersionList - <==        Row: 2, V1.0
2019-03-01 10:06:17.505 [http-nio-8080-exec-2] DEBUG c.newtouch.buglifecycle.dao.HomeDao.getVersionList - <==      Total: 2
2019-03-01 10:07:38.831 [http-nio-8080-exec-5] DEBUG c.newtouch.buglifecycle.dao.HomeDao.getSystemList - ==>  Preparing: select id `value` ,`name` label from zt_product; 
2019-03-01 10:07:38.831 [http-nio-8080-exec-5] DEBUG c.newtouch.buglifecycle.dao.HomeDao.getSystemList - ==> Parameters: 
2019-03-01 10:07:38.831 [http-nio-8080-exec-5] TRACE c.newtouch.buglifecycle.dao.HomeDao.getSystemList - <==    Columns: value, label
2019-03-01 10:07:38.831 [http-nio-8080-exec-5] TRACE c.newtouch.buglifecycle.dao.HomeDao.getSystemList - <==        Row: 1, 受理平台
2019-03-01 10:07:38.831 [http-nio-8080-exec-5] TRACE c.newtouch.buglifecycle.dao.HomeDao.getSystemList - <==        Row: 2, 受理平台
2019-03-01 10:07:38.831 [http-nio-8080-exec-5] DEBUG c.newtouch.buglifecycle.dao.HomeDao.getSystemList - <==      Total: 2
2019-03-01 10:07:38.831 [http-nio-8080-exec-5] DEBUG c.newtouch.buglifecycle.dao.HomeDao.getVersionList - ==>  Preparing: select id `value` ,`name` label from zt_project; 
2019-03-01 10:07:38.846 [http-nio-8080-exec-5] DEBUG c.newtouch.buglifecycle.dao.HomeDao.getVersionList - ==> Parameters: 
2019-03-01 10:07:38.846 [http-nio-8080-exec-5] TRACE c.newtouch.buglifecycle.dao.HomeDao.getVersionList - <==    Columns: value, label
2019-03-01 10:07:38.846 [http-nio-8080-exec-5] TRACE c.newtouch.buglifecycle.dao.HomeDao.getVersionList - <==        Row: 1, V1.0
2019-03-01 10:07:38.846 [http-nio-8080-exec-5] TRACE c.newtouch.buglifecycle.dao.HomeDao.getVersionList - <==        Row: 2, V1.0
2019-03-01 10:07:38.846 [http-nio-8080-exec-5] DEBUG c.newtouch.buglifecycle.dao.HomeDao.getVersionList - <==      Total: 2
2019-03-01 10:07:38.846 [http-nio-8080-exec-7] DEBUG c.newtouch.buglifecycle.dao.HomeDao.getSystemList - ==>  Preparing: select id `value` ,`name` label from zt_product; 
2019-03-01 10:07:38.846 [http-nio-8080-exec-7] DEBUG c.newtouch.buglifecycle.dao.HomeDao.getSystemList - ==> Parameters: 
2019-03-01 10:07:38.862 [http-nio-8080-exec-7] TRACE c.newtouch.buglifecycle.dao.HomeDao.getSystemList - <==    Columns: value, label
2019-03-01 10:07:38.862 [http-nio-8080-exec-7] TRACE c.newtouch.buglifecycle.dao.HomeDao.getSystemList - <==        Row: 1, 受理平台
2019-03-01 10:07:38.862 [http-nio-8080-exec-7] TRACE c.newtouch.buglifecycle.dao.HomeDao.getSystemList - <==        Row: 2, 受理平台
2019-03-01 10:07:38.862 [http-nio-8080-exec-7] DEBUG c.newtouch.buglifecycle.dao.HomeDao.getSystemList - <==      Total: 2
2019-03-01 10:07:38.877 [http-nio-8080-exec-7] DEBUG c.newtouch.buglifecycle.dao.HomeDao.getVersionList - ==>  Preparing: select id `value` ,`name` label from zt_project; 
2019-03-01 10:07:38.877 [http-nio-8080-exec-10] DEBUG com.newtouch.buglifecycle.dao.HomeDao.getBugByHour - ==>  Preparing: SELECT CASE WHEN TIMESTAMPDIFF(HOUR, b.openedDate, now()) < 24 THEN "小于24小时" WHEN TIMESTAMPDIFF(HOUR, b.openedDate, now()) > 24 AND TIMESTAMPDIFF(HOUR, b.openedDate, now()) < 48 THEN "小于48小时" WHEN TIMESTAMPDIFF(HOUR, b.openedDate, now()) > 48 THEN "大于48小时" END `name`, count(1) `value`, CASE WHEN TIMESTAMPDIFF(HOUR, b.openedDate, now()) < 24 THEN "lt24" WHEN TIMESTAMPDIFF(HOUR, b.openedDate, now()) > 24 AND TIMESTAMPDIFF(HOUR, b.openedDate, now()) < 48 THEN "gt24lt48" WHEN TIMESTAMPDIFF(HOUR, b.openedDate, now()) > 48 THEN "gt48" END `key` FROM zt_bug b LEFT JOIN zt_product pd ON b.product = pd.id LEFT JOIN zt_project pj ON b.project = pj.id WHERE b. STATUS = "active" group by `name`,`key` 
2019-03-01 10:07:38.877 [http-nio-8080-exec-7] DEBUG c.newtouch.buglifecycle.dao.HomeDao.getVersionList - ==> Parameters: 
2019-03-01 10:07:38.877 [http-nio-8080-exec-10] DEBUG com.newtouch.buglifecycle.dao.HomeDao.getBugByHour - ==> Parameters: 
2019-03-01 10:07:38.877 [http-nio-8080-exec-7] TRACE c.newtouch.buglifecycle.dao.HomeDao.getVersionList - <==    Columns: value, label
2019-03-01 10:07:38.877 [http-nio-8080-exec-7] TRACE c.newtouch.buglifecycle.dao.HomeDao.getVersionList - <==        Row: 1, V1.0
2019-03-01 10:07:38.877 [http-nio-8080-exec-10] TRACE com.newtouch.buglifecycle.dao.HomeDao.getBugByHour - <==    Columns: name, value, key
2019-03-01 10:07:38.877 [http-nio-8080-exec-10] TRACE com.newtouch.buglifecycle.dao.HomeDao.getBugByHour - <==        Row: 大于48小时, 1, gt48
2019-03-01 10:07:38.877 [http-nio-8080-exec-7] TRACE c.newtouch.buglifecycle.dao.HomeDao.getVersionList - <==        Row: 2, V1.0
2019-03-01 10:07:38.877 [http-nio-8080-exec-10] DEBUG com.newtouch.buglifecycle.dao.HomeDao.getBugByHour - <==      Total: 1
2019-03-01 10:07:38.877 [http-nio-8080-exec-7] DEBUG c.newtouch.buglifecycle.dao.HomeDao.getVersionList - <==      Total: 2
2019-03-01 10:08:14.789 [http-nio-8080-exec-4] DEBUG c.newtouch.buglifecycle.dao.HomeDao.getSystemList - ==>  Preparing: select id `value` ,`name` label from zt_product; 
2019-03-01 10:08:14.790 [http-nio-8080-exec-4] DEBUG c.newtouch.buglifecycle.dao.HomeDao.getSystemList - ==> Parameters: 
2019-03-01 10:08:14.793 [http-nio-8080-exec-4] TRACE c.newtouch.buglifecycle.dao.HomeDao.getSystemList - <==    Columns: value, label
2019-03-01 10:08:14.794 [http-nio-8080-exec-4] TRACE c.newtouch.buglifecycle.dao.HomeDao.getSystemList - <==        Row: 1, 受理平台
2019-03-01 10:08:14.796 [http-nio-8080-exec-4] TRACE c.newtouch.buglifecycle.dao.HomeDao.getSystemList - <==        Row: 2, 受理平台
2019-03-01 10:08:14.798 [http-nio-8080-exec-4] DEBUG c.newtouch.buglifecycle.dao.HomeDao.getSystemList - <==      Total: 2
2019-03-01 10:08:14.799 [http-nio-8080-exec-4] DEBUG c.newtouch.buglifecycle.dao.HomeDao.getVersionList - ==>  Preparing: select id `value` ,`name` label from zt_project; 
2019-03-01 10:08:14.800 [http-nio-8080-exec-4] DEBUG c.newtouch.buglifecycle.dao.HomeDao.getVersionList - ==> Parameters: 
2019-03-01 10:08:14.803 [http-nio-8080-exec-4] TRACE c.newtouch.buglifecycle.dao.HomeDao.getVersionList - <==    Columns: value, label
2019-03-01 10:08:14.803 [http-nio-8080-exec-4] TRACE c.newtouch.buglifecycle.dao.HomeDao.getVersionList - <==        Row: 1, V1.0
2019-03-01 10:08:14.804 [http-nio-8080-exec-4] TRACE c.newtouch.buglifecycle.dao.HomeDao.getVersionList - <==        Row: 2, V1.0
2019-03-01 10:08:14.805 [http-nio-8080-exec-4] DEBUG c.newtouch.buglifecycle.dao.HomeDao.getVersionList - <==      Total: 2
2019-03-01 10:08:16.722 [http-nio-8080-exec-6] DEBUG c.newtouch.buglifecycle.dao.HomeDao.getSystemList - ==>  Preparing: select id `value` ,`name` label from zt_product; 
2019-03-01 10:08:16.724 [http-nio-8080-exec-6] DEBUG c.newtouch.buglifecycle.dao.HomeDao.getSystemList - ==> Parameters: 
2019-03-01 10:08:16.726 [http-nio-8080-exec-6] TRACE c.newtouch.buglifecycle.dao.HomeDao.getSystemList - <==    Columns: value, label
2019-03-01 10:08:16.727 [http-nio-8080-exec-6] TRACE c.newtouch.buglifecycle.dao.HomeDao.getSystemList - <==        Row: 1, 受理平台
2019-03-01 10:08:16.727 [http-nio-8080-exec-6] TRACE c.newtouch.buglifecycle.dao.HomeDao.getSystemList - <==        Row: 2, 受理平台
2019-03-01 10:08:16.728 [http-nio-8080-exec-6] DEBUG c.newtouch.buglifecycle.dao.HomeDao.getSystemList - <==      Total: 2
2019-03-01 10:08:16.729 [http-nio-8080-exec-6] DEBUG c.newtouch.buglifecycle.dao.HomeDao.getVersionList - ==>  Preparing: select id `value` ,`name` label from zt_project; 
2019-03-01 10:08:16.730 [http-nio-8080-exec-6] DEBUG c.newtouch.buglifecycle.dao.HomeDao.getVersionList - ==> Parameters: 
2019-03-01 10:08:16.732 [http-nio-8080-exec-6] TRACE c.newtouch.buglifecycle.dao.HomeDao.getVersionList - <==    Columns: value, label
2019-03-01 10:08:16.732 [http-nio-8080-exec-6] TRACE c.newtouch.buglifecycle.dao.HomeDao.getVersionList - <==        Row: 1, V1.0
2019-03-01 10:08:16.733 [http-nio-8080-exec-6] TRACE c.newtouch.buglifecycle.dao.HomeDao.getVersionList - <==        Row: 2, V1.0
2019-03-01 10:08:16.733 [http-nio-8080-exec-6] DEBUG c.newtouch.buglifecycle.dao.HomeDao.getVersionList - <==      Total: 2
2019-03-01 10:08:16.741 [http-nio-8080-exec-7] DEBUG com.newtouch.buglifecycle.dao.HomeDao.getBugByHour - ==>  Preparing: SELECT CASE WHEN TIMESTAMPDIFF(HOUR, b.openedDate, now()) < 24 THEN "小于24小时" WHEN TIMESTAMPDIFF(HOUR, b.openedDate, now()) > 24 AND TIMESTAMPDIFF(HOUR, b.openedDate, now()) < 48 THEN "小于48小时" WHEN TIMESTAMPDIFF(HOUR, b.openedDate, now()) > 48 THEN "大于48小时" END `name`, count(1) `value`, CASE WHEN TIMESTAMPDIFF(HOUR, b.openedDate, now()) < 24 THEN "lt24" WHEN TIMESTAMPDIFF(HOUR, b.openedDate, now()) > 24 AND TIMESTAMPDIFF(HOUR, b.openedDate, now()) < 48 THEN "gt24lt48" WHEN TIMESTAMPDIFF(HOUR, b.openedDate, now()) > 48 THEN "gt48" END `key` FROM zt_bug b LEFT JOIN zt_product pd ON b.product = pd.id LEFT JOIN zt_project pj ON b.project = pj.id WHERE b. STATUS = "active" group by `name`,`key` 
2019-03-01 10:08:16.743 [http-nio-8080-exec-7] DEBUG com.newtouch.buglifecycle.dao.HomeDao.getBugByHour - ==> Parameters: 
2019-03-01 10:08:16.745 [http-nio-8080-exec-7] TRACE com.newtouch.buglifecycle.dao.HomeDao.getBugByHour - <==    Columns: name, value, key
2019-03-01 10:08:16.746 [http-nio-8080-exec-7] TRACE com.newtouch.buglifecycle.dao.HomeDao.getBugByHour - <==        Row: 大于48小时, 1, gt48
2019-03-01 10:08:16.746 [http-nio-8080-exec-7] DEBUG com.newtouch.buglifecycle.dao.HomeDao.getBugByHour - <==      Total: 1
2019-03-01 10:08:16.753 [http-nio-8080-exec-7] DEBUG c.newtouch.buglifecycle.dao.HomeDao.getSystemList - ==>  Preparing: select id `value` ,`name` label from zt_product; 
2019-03-01 10:08:16.755 [http-nio-8080-exec-7] DEBUG c.newtouch.buglifecycle.dao.HomeDao.getSystemList - ==> Parameters: 
2019-03-01 10:08:16.756 [http-nio-8080-exec-7] TRACE c.newtouch.buglifecycle.dao.HomeDao.getSystemList - <==    Columns: value, label
2019-03-01 10:08:16.756 [http-nio-8080-exec-7] TRACE c.newtouch.buglifecycle.dao.HomeDao.getSystemList - <==        Row: 1, 受理平台
2019-03-01 10:08:16.757 [http-nio-8080-exec-7] TRACE c.newtouch.buglifecycle.dao.HomeDao.getSystemList - <==        Row: 2, 受理平台
2019-03-01 10:08:16.757 [http-nio-8080-exec-7] DEBUG c.newtouch.buglifecycle.dao.HomeDao.getSystemList - <==      Total: 2
2019-03-01 10:08:16.758 [http-nio-8080-exec-7] DEBUG c.newtouch.buglifecycle.dao.HomeDao.getVersionList - ==>  Preparing: select id `value` ,`name` label from zt_project; 
2019-03-01 10:08:16.759 [http-nio-8080-exec-7] DEBUG c.newtouch.buglifecycle.dao.HomeDao.getVersionList - ==> Parameters: 
2019-03-01 10:08:16.761 [http-nio-8080-exec-7] TRACE c.newtouch.buglifecycle.dao.HomeDao.getVersionList - <==    Columns: value, label
2019-03-01 10:08:16.761 [http-nio-8080-exec-7] TRACE c.newtouch.buglifecycle.dao.HomeDao.getVersionList - <==        Row: 1, V1.0
2019-03-01 10:08:16.761 [http-nio-8080-exec-7] TRACE c.newtouch.buglifecycle.dao.HomeDao.getVersionList - <==        Row: 2, V1.0
2019-03-01 10:08:16.761 [http-nio-8080-exec-7] DEBUG c.newtouch.buglifecycle.dao.HomeDao.getVersionList - <==      Total: 2
2019-03-01 10:08:21.135 [http-nio-8080-exec-5] DEBUG c.newtouch.buglifecycle.dao.HomeDao.getSystemList - ==>  Preparing: select id `value` ,`name` label from zt_product; 
2019-03-01 10:08:21.137 [http-nio-8080-exec-5] DEBUG c.newtouch.buglifecycle.dao.HomeDao.getSystemList - ==> Parameters: 
2019-03-01 10:08:21.141 [http-nio-8080-exec-5] TRACE c.newtouch.buglifecycle.dao.HomeDao.getSystemList - <==    Columns: value, label
2019-03-01 10:08:21.141 [http-nio-8080-exec-5] TRACE c.newtouch.buglifecycle.dao.HomeDao.getSystemList - <==        Row: 1, 受理平台
2019-03-01 10:08:21.142 [http-nio-8080-exec-5] TRACE c.newtouch.buglifecycle.dao.HomeDao.getSystemList - <==        Row: 2, 受理平台
2019-03-01 10:08:21.143 [http-nio-8080-exec-5] DEBUG c.newtouch.buglifecycle.dao.HomeDao.getSystemList - <==      Total: 2
2019-03-01 10:08:21.145 [http-nio-8080-exec-5] DEBUG c.newtouch.buglifecycle.dao.HomeDao.getVersionList - ==>  Preparing: select id `value` ,`name` label from zt_project; 
2019-03-01 10:08:21.146 [http-nio-8080-exec-5] DEBUG c.newtouch.buglifecycle.dao.HomeDao.getVersionList - ==> Parameters: 
2019-03-01 10:08:21.148 [http-nio-8080-exec-5] TRACE c.newtouch.buglifecycle.dao.HomeDao.getVersionList - <==    Columns: value, label
2019-03-01 10:08:21.149 [http-nio-8080-exec-5] TRACE c.newtouch.buglifecycle.dao.HomeDao.getVersionList - <==        Row: 1, V1.0
2019-03-01 10:08:21.150 [http-nio-8080-exec-5] TRACE c.newtouch.buglifecycle.dao.HomeDao.getVersionList - <==        Row: 2, V1.0
2019-03-01 10:08:21.150 [http-nio-8080-exec-5] DEBUG c.newtouch.buglifecycle.dao.HomeDao.getVersionList - <==      Total: 2
2019-03-01 10:08:21.795 [http-nio-8080-exec-8] DEBUG c.newtouch.buglifecycle.dao.HomeDao.getSystemList - ==>  Preparing: select id `value` ,`name` label from zt_product; 
2019-03-01 10:08:21.796 [http-nio-8080-exec-8] DEBUG c.newtouch.buglifecycle.dao.HomeDao.getSystemList - ==> Parameters: 
2019-03-01 10:08:21.798 [http-nio-8080-exec-8] TRACE c.newtouch.buglifecycle.dao.HomeDao.getSystemList - <==    Columns: value, label
2019-03-01 10:08:21.798 [http-nio-8080-exec-8] TRACE c.newtouch.buglifecycle.dao.HomeDao.getSystemList - <==        Row: 1, 受理平台
2019-03-01 10:08:21.798 [http-nio-8080-exec-8] TRACE c.newtouch.buglifecycle.dao.HomeDao.getSystemList - <==        Row: 2, 受理平台
2019-03-01 10:08:21.799 [http-nio-8080-exec-8] DEBUG c.newtouch.buglifecycle.dao.HomeDao.getSystemList - <==      Total: 2
2019-03-01 10:08:21.800 [http-nio-8080-exec-8] DEBUG c.newtouch.buglifecycle.dao.HomeDao.getVersionList - ==>  Preparing: select id `value` ,`name` label from zt_project; 
2019-03-01 10:08:21.801 [http-nio-8080-exec-8] DEBUG c.newtouch.buglifecycle.dao.HomeDao.getVersionList - ==> Parameters: 
2019-03-01 10:08:21.802 [http-nio-8080-exec-8] TRACE c.newtouch.buglifecycle.dao.HomeDao.getVersionList - <==    Columns: value, label
2019-03-01 10:08:21.803 [http-nio-8080-exec-8] TRACE c.newtouch.buglifecycle.dao.HomeDao.getVersionList - <==        Row: 1, V1.0
2019-03-01 10:08:21.803 [http-nio-8080-exec-8] TRACE c.newtouch.buglifecycle.dao.HomeDao.getVersionList - <==        Row: 2, V1.0
2019-03-01 10:08:21.803 [http-nio-8080-exec-8] DEBUG c.newtouch.buglifecycle.dao.HomeDao.getVersionList - <==      Total: 2
2019-03-01 10:08:22.989 [http-nio-8080-exec-4] DEBUG c.newtouch.buglifecycle.dao.HomeDao.getSystemList - ==>  Preparing: select id `value` ,`name` label from zt_product; 
2019-03-01 10:08:22.991 [http-nio-8080-exec-4] DEBUG c.newtouch.buglifecycle.dao.HomeDao.getSystemList - ==> Parameters: 
2019-03-01 10:08:22.994 [http-nio-8080-exec-5] DEBUG c.newtouch.buglifecycle.dao.HomeDao.getSystemList - ==>  Preparing: select id `value` ,`name` label from zt_product; 
2019-03-01 10:08:22.995 [http-nio-8080-exec-5] DEBUG c.newtouch.buglifecycle.dao.HomeDao.getSystemList - ==> Parameters: 
2019-03-01 10:08:22.996 [http-nio-8080-exec-4] TRACE c.newtouch.buglifecycle.dao.HomeDao.getSystemList - <==    Columns: value, label
2019-03-01 10:08:22.996 [http-nio-8080-exec-4] TRACE c.newtouch.buglifecycle.dao.HomeDao.getSystemList - <==        Row: 1, 受理平台
2019-03-01 10:08:22.998 [http-nio-8080-exec-4] TRACE c.newtouch.buglifecycle.dao.HomeDao.getSystemList - <==        Row: 2, 受理平台
2019-03-01 10:08:22.999 [http-nio-8080-exec-4] DEBUG c.newtouch.buglifecycle.dao.HomeDao.getSystemList - <==      Total: 2
2019-03-01 10:08:23.000 [http-nio-8080-exec-5] TRACE c.newtouch.buglifecycle.dao.HomeDao.getSystemList - <==    Columns: value, label
2019-03-01 10:08:23.000 [http-nio-8080-exec-5] TRACE c.newtouch.buglifecycle.dao.HomeDao.getSystemList - <==        Row: 1, 受理平台
2019-03-01 10:08:23.000 [http-nio-8080-exec-4] DEBUG c.newtouch.buglifecycle.dao.HomeDao.getVersionList - ==>  Preparing: select id `value` ,`name` label from zt_project; 
2019-03-01 10:08:23.000 [http-nio-8080-exec-4] DEBUG c.newtouch.buglifecycle.dao.HomeDao.getVersionList - ==> Parameters: 
2019-03-01 10:08:23.000 [http-nio-8080-exec-5] TRACE c.newtouch.buglifecycle.dao.HomeDao.getSystemList - <==        Row: 2, 受理平台
2019-03-01 10:08:23.001 [http-nio-8080-exec-5] DEBUG c.newtouch.buglifecycle.dao.HomeDao.getSystemList - <==      Total: 2
2019-03-01 10:08:23.002 [http-nio-8080-exec-5] DEBUG c.newtouch.buglifecycle.dao.HomeDao.getVersionList - ==>  Preparing: select id `value` ,`name` label from zt_project; 
2019-03-01 10:08:23.002 [http-nio-8080-exec-4] TRACE c.newtouch.buglifecycle.dao.HomeDao.getVersionList - <==    Columns: value, label
2019-03-01 10:08:23.002 [http-nio-8080-exec-4] TRACE c.newtouch.buglifecycle.dao.HomeDao.getVersionList - <==        Row: 1, V1.0
2019-03-01 10:08:23.002 [http-nio-8080-exec-5] DEBUG c.newtouch.buglifecycle.dao.HomeDao.getVersionList - ==> Parameters: 
2019-03-01 10:08:23.003 [http-nio-8080-exec-4] TRACE c.newtouch.buglifecycle.dao.HomeDao.getVersionList - <==        Row: 2, V1.0
2019-03-01 10:08:23.003 [http-nio-8080-exec-4] DEBUG c.newtouch.buglifecycle.dao.HomeDao.getVersionList - <==      Total: 2
2019-03-01 10:08:23.004 [http-nio-8080-exec-5] TRACE c.newtouch.buglifecycle.dao.HomeDao.getVersionList - <==    Columns: value, label
2019-03-01 10:08:23.005 [http-nio-8080-exec-5] TRACE c.newtouch.buglifecycle.dao.HomeDao.getVersionList - <==        Row: 1, V1.0
2019-03-01 10:08:23.005 [http-nio-8080-exec-5] TRACE c.newtouch.buglifecycle.dao.HomeDao.getVersionList - <==        Row: 2, V1.0
2019-03-01 10:08:23.006 [http-nio-8080-exec-5] DEBUG c.newtouch.buglifecycle.dao.HomeDao.getVersionList - <==      Total: 2
2019-03-01 10:10:08.878 [main] INFO  com.newtouch.buglifecycle.BugLifecycleApplication - Starting BugLifecycleApplication on TH-20170914WWKT with PID 7448 (C:\Users\lenovo\Desktop\git\eaas\bug-lifecycle\target\classes started by lenovo in C:\Users\lenovo\Desktop\git\eaas\bug-lifecycle)
2019-03-01 10:10:08.880 [main] DEBUG com.newtouch.buglifecycle.BugLifecycleApplication - Running with Spring Boot v2.1.3.RELEASE, Spring v5.1.5.RELEASE
2019-03-01 10:10:08.880 [main] INFO  com.newtouch.buglifecycle.BugLifecycleApplication - The following profiles are active: dev
2019-03-01 10:10:11.109 [main] INFO  com.newtouch.buglifecycle.BugLifecycleApplication - Started BugLifecycleApplication in 3.119 seconds (JVM running for 3.877)
2019-03-01 10:10:12.158 [http-nio-8080-exec-5] DEBUG c.newtouch.buglifecycle.dao.HomeDao.getSystemList - ==>  Preparing: select id `value` ,`name` label from zt_product; 
2019-03-01 10:10:12.168 [http-nio-8080-exec-2] DEBUG com.newtouch.buglifecycle.dao.HomeDao.getBugByHour - ==>  Preparing: SELECT CASE WHEN TIMESTAMPDIFF(HOUR, b.openedDate, now()) < 24 THEN "小于24小时" WHEN TIMESTAMPDIFF(HOUR, b.openedDate, now()) > 24 AND TIMESTAMPDIFF(HOUR, b.openedDate, now()) < 48 THEN "小于48小时" WHEN TIMESTAMPDIFF(HOUR, b.openedDate, now()) > 48 THEN "大于48小时" END `name`, count(1) `value`, CASE WHEN TIMESTAMPDIFF(HOUR, b.openedDate, now()) < 24 THEN "lt24" WHEN TIMESTAMPDIFF(HOUR, b.openedDate, now()) > 24 AND TIMESTAMPDIFF(HOUR, b.openedDate, now()) < 48 THEN "gt24lt48" WHEN TIMESTAMPDIFF(HOUR, b.openedDate, now()) > 48 THEN "gt48" END `key` FROM zt_bug b LEFT JOIN zt_product pd ON b.product = pd.id LEFT JOIN zt_project pj ON b.project = pj.id WHERE b. STATUS = "active" group by `name`,`key` 
2019-03-01 10:10:12.182 [http-nio-8080-exec-3] DEBUG c.n.buglifecycle.dao.HomeDao.getRedevBugCount - ==>  Preparing: SELECT count(b.id) FROM zt_bug b LEFT JOIN zt_product pd ON b.product = pd.id LEFT JOIN zt_project pj ON b.project = pj.id WHERE 1=1 AND b. STATUS = ? AND pj.name like '%'||(select right(YEAR (CURDATE()),2)) AND b.type = "redev"; 
2019-03-01 10:10:12.182 [http-nio-8080-exec-2] DEBUG com.newtouch.buglifecycle.dao.HomeDao.getBugByHour - ==> Parameters: 
2019-03-01 10:10:12.183 [http-nio-8080-exec-3] DEBUG c.n.buglifecycle.dao.HomeDao.getRedevBugCount - ==> Parameters: active(String)
2019-03-01 10:10:12.183 [http-nio-8080-exec-5] DEBUG c.newtouch.buglifecycle.dao.HomeDao.getSystemList - ==> Parameters: 
2019-03-01 10:10:12.197 [http-nio-8080-exec-4] DEBUG c.newtouch.buglifecycle.dao.HomeDao.getSystemList - ==>  Preparing: select id `value` ,`name` label from zt_product; 
2019-03-01 10:10:12.197 [http-nio-8080-exec-4] DEBUG c.newtouch.buglifecycle.dao.HomeDao.getSystemList - ==> Parameters: 
2019-03-01 10:10:12.209 [http-nio-8080-exec-2] TRACE com.newtouch.buglifecycle.dao.HomeDao.getBugByHour - <==    Columns: name, value, key
2019-03-01 10:10:12.209 [http-nio-8080-exec-5] TRACE c.newtouch.buglifecycle.dao.HomeDao.getSystemList - <==    Columns: value, label
2019-03-01 10:10:12.209 [http-nio-8080-exec-3] TRACE c.n.buglifecycle.dao.HomeDao.getRedevBugCount - <==    Columns: count(b.id)
2019-03-01 10:10:12.209 [http-nio-8080-exec-5] TRACE c.newtouch.buglifecycle.dao.HomeDao.getSystemList - <==        Row: 1, 受理平台
2019-03-01 10:10:12.209 [http-nio-8080-exec-2] TRACE com.newtouch.buglifecycle.dao.HomeDao.getBugByHour - <==        Row: 大于48小时, 1, gt48
2019-03-01 10:10:12.209 [http-nio-8080-exec-4] TRACE c.newtouch.buglifecycle.dao.HomeDao.getSystemList - <==    Columns: value, label
2019-03-01 10:10:12.209 [http-nio-8080-exec-4] TRACE c.newtouch.buglifecycle.dao.HomeDao.getSystemList - <==        Row: 1, 受理平台
2019-03-01 10:10:12.209 [http-nio-8080-exec-3] TRACE c.n.buglifecycle.dao.HomeDao.getRedevBugCount - <==        Row: 1
2019-03-01 10:10:12.210 [http-nio-8080-exec-4] TRACE c.newtouch.buglifecycle.dao.HomeDao.getSystemList - <==        Row: 2, 受理平台
2019-03-01 10:10:12.210 [http-nio-8080-exec-5] TRACE c.newtouch.buglifecycle.dao.HomeDao.getSystemList - <==        Row: 2, 受理平台
2019-03-01 10:10:12.211 [http-nio-8080-exec-2] DEBUG com.newtouch.buglifecycle.dao.HomeDao.getBugByHour - <==      Total: 1
2019-03-01 10:10:12.211 [http-nio-8080-exec-4] DEBUG c.newtouch.buglifecycle.dao.HomeDao.getSystemList - <==      Total: 2
2019-03-01 10:10:12.211 [http-nio-8080-exec-3] DEBUG c.n.buglifecycle.dao.HomeDao.getRedevBugCount - <==      Total: 1
2019-03-01 10:10:12.211 [http-nio-8080-exec-5] DEBUG c.newtouch.buglifecycle.dao.HomeDao.getSystemList - <==      Total: 2
2019-03-01 10:10:12.215 [http-nio-8080-exec-1] DEBUG c.newtouch.buglifecycle.dao.HomeDao.getBugBySystem - ==>  Preparing: SELECT pd.name "name", count(b.id) "value", pd.id "key" FROM zt_bug b LEFT JOIN zt_product pd ON b.product = pd.id LEFT JOIN zt_project pj ON b.project = pj.id WHERE 1=1 AND pj.name like '%'||(select right(YEAR (CURDATE()),2)) GROUP BY pd.id,pd.name 
2019-03-01 10:10:12.216 [http-nio-8080-exec-5] DEBUG c.newtouch.buglifecycle.dao.HomeDao.getVersionList - ==>  Preparing: select id `value` ,`name` label from zt_project; 
2019-03-01 10:10:12.216 [http-nio-8080-exec-3] DEBUG c.newtouch.buglifecycle.dao.HomeDao.get24BugCount - ==>  Preparing: SELECT count(b.id) FROM zt_bug b LEFT JOIN zt_product pd ON b.product = pd.id LEFT JOIN zt_project pj ON b.project = pj.id WHERE 1=1 AND b. STATUS = ? AND pj.name like '%'||(select right(YEAR (CURDATE()),2)) AND TIMESTAMPDIFF( HOUR, b.openedDate, now() ) < 24; 
2019-03-01 10:10:12.216 [http-nio-8080-exec-5] DEBUG c.newtouch.buglifecycle.dao.HomeDao.getVersionList - ==> Parameters: 
2019-03-01 10:10:12.216 [http-nio-8080-exec-3] DEBUG c.newtouch.buglifecycle.dao.HomeDao.get24BugCount - ==> Parameters: active(String)
2019-03-01 10:10:12.216 [http-nio-8080-exec-1] DEBUG c.newtouch.buglifecycle.dao.HomeDao.getBugBySystem - ==> Parameters: 
2019-03-01 10:10:12.216 [http-nio-8080-exec-4] DEBUG c.newtouch.buglifecycle.dao.HomeDao.getVersionList - ==>  Preparing: select id `value` ,`name` label from zt_project; 
2019-03-01 10:10:12.217 [http-nio-8080-exec-4] DEBUG c.newtouch.buglifecycle.dao.HomeDao.getVersionList - ==> Parameters: 
2019-03-01 10:10:12.217 [http-nio-8080-exec-5] TRACE c.newtouch.buglifecycle.dao.HomeDao.getVersionList - <==    Columns: value, label
2019-03-01 10:10:12.217 [http-nio-8080-exec-5] TRACE c.newtouch.buglifecycle.dao.HomeDao.getVersionList - <==        Row: 1, V1.0
2019-03-01 10:10:12.217 [http-nio-8080-exec-5] TRACE c.newtouch.buglifecycle.dao.HomeDao.getVersionList - <==        Row: 2, V1.0
2019-03-01 10:10:12.217 [http-nio-8080-exec-3] TRACE c.newtouch.buglifecycle.dao.HomeDao.get24BugCount - <==    Columns: count(b.id)
2019-03-01 10:10:12.217 [http-nio-8080-exec-5] DEBUG c.newtouch.buglifecycle.dao.HomeDao.getVersionList - <==      Total: 2
2019-03-01 10:10:12.217 [http-nio-8080-exec-3] TRACE c.newtouch.buglifecycle.dao.HomeDao.get24BugCount - <==        Row: 1
2019-03-01 10:10:12.218 [http-nio-8080-exec-3] DEBUG c.newtouch.buglifecycle.dao.HomeDao.get24BugCount - <==      Total: 1
2019-03-01 10:10:12.219 [http-nio-8080-exec-3] DEBUG c.newtouch.buglifecycle.dao.HomeDao.get48BugCount - ==>  Preparing: SELECT count(b.id) FROM zt_bug b LEFT JOIN zt_product pd ON b.product = pd.id LEFT JOIN zt_project pj ON b.project = pj.id WHERE 1=1 AND b. STATUS = ? AND pj.name like '%'||(select right(YEAR (CURDATE()),2)) AND TIMESTAMPDIFF( HOUR, b.openedDate, now() ) > 48; 
2019-03-01 10:10:12.219 [http-nio-8080-exec-4] TRACE c.newtouch.buglifecycle.dao.HomeDao.getVersionList - <==    Columns: value, label
2019-03-01 10:10:12.220 [http-nio-8080-exec-3] DEBUG c.newtouch.buglifecycle.dao.HomeDao.get48BugCount - ==> Parameters: active(String)
2019-03-01 10:10:12.220 [http-nio-8080-exec-4] TRACE c.newtouch.buglifecycle.dao.HomeDao.getVersionList - <==        Row: 1, V1.0
2019-03-01 10:10:12.221 [http-nio-8080-exec-4] TRACE c.newtouch.buglifecycle.dao.HomeDao.getVersionList - <==        Row: 2, V1.0
2019-03-01 10:10:12.221 [http-nio-8080-exec-3] TRACE c.newtouch.buglifecycle.dao.HomeDao.get48BugCount - <==    Columns: count(b.id)
2019-03-01 10:10:12.221 [http-nio-8080-exec-4] DEBUG c.newtouch.buglifecycle.dao.HomeDao.getVersionList - <==      Total: 2
2019-03-01 10:10:12.221 [http-nio-8080-exec-3] TRACE c.newtouch.buglifecycle.dao.HomeDao.get48BugCount - <==        Row: 2
2019-03-01 10:10:12.221 [http-nio-8080-exec-3] DEBUG c.newtouch.buglifecycle.dao.HomeDao.get48BugCount - <==      Total: 1
2019-03-01 10:10:12.224 [http-nio-8080-exec-1] TRACE c.newtouch.buglifecycle.dao.HomeDao.getBugBySystem - <==    Columns: name, value, key
2019-03-01 10:10:12.224 [http-nio-8080-exec-1] TRACE c.newtouch.buglifecycle.dao.HomeDao.getBugBySystem - <==        Row: 受理平台, 1, 1
2019-03-01 10:10:12.224 [http-nio-8080-exec-1] TRACE c.newtouch.buglifecycle.dao.HomeDao.getBugBySystem - <==        Row: 受理平台, 1, 2
2019-03-01 10:10:12.224 [http-nio-8080-exec-1] DEBUG c.newtouch.buglifecycle.dao.HomeDao.getBugBySystem - <==      Total: 2
2019-03-01 10:10:12.225 [http-nio-8080-exec-1] DEBUG c.newtouch.buglifecycle.dao.HomeDao.getBugByRedev - ==>  Preparing: SELECT pd.name "name", count(b.id) "value", pd.id "key" FROM zt_bug b LEFT JOIN zt_product pd ON b.product = pd.id LEFT JOIN zt_project pj ON b.project = pj.id WHERE 1=1 AND pj.name like '%'||(select right(YEAR (CURDATE()),2)) AND b.type = "redev" GROUP BY pd.id,pd.name 
2019-03-01 10:10:12.226 [http-nio-8080-exec-1] DEBUG c.newtouch.buglifecycle.dao.HomeDao.getBugByRedev - ==> Parameters: 
2019-03-01 10:10:12.227 [http-nio-8080-exec-1] TRACE c.newtouch.buglifecycle.dao.HomeDao.getBugByRedev - <==    Columns: name, value, key
2019-03-01 10:10:12.227 [http-nio-8080-exec-1] TRACE c.newtouch.buglifecycle.dao.HomeDao.getBugByRedev - <==        Row: 受理平台, 1, 1
2019-03-01 10:10:12.228 [http-nio-8080-exec-1] TRACE c.newtouch.buglifecycle.dao.HomeDao.getBugByRedev - <==        Row: 受理平台, 1, 2
2019-03-01 10:10:12.228 [http-nio-8080-exec-1] DEBUG c.newtouch.buglifecycle.dao.HomeDao.getBugByRedev - <==      Total: 2
2019-03-01 10:10:12.228 [http-nio-8080-exec-1] DEBUG c.newtouch.buglifecycle.dao.HomeDao.getBugByOver48 - ==>  Preparing: SELECT pd.name "name", count(b.id) "value", pd.id "key" FROM zt_bug b LEFT JOIN zt_product pd ON b.product = pd.id LEFT JOIN zt_project pj ON b.project = pj.id WHERE 1=1 AND pj.name like '%'||(select right(YEAR (CURDATE()),2)) AND TIMESTAMPDIFF( HOUR, b.openedDate, now() ) > 48 GROUP BY pd.id,pd.name 
2019-03-01 10:10:12.228 [http-nio-8080-exec-1] DEBUG c.newtouch.buglifecycle.dao.HomeDao.getBugByOver48 - ==> Parameters: 
2019-03-01 10:10:12.230 [http-nio-8080-exec-1] TRACE c.newtouch.buglifecycle.dao.HomeDao.getBugByOver48 - <==    Columns: name, value, key
2019-03-01 10:10:12.230 [http-nio-8080-exec-1] TRACE c.newtouch.buglifecycle.dao.HomeDao.getBugByOver48 - <==        Row: 受理平台, 1, 1
2019-03-01 10:10:12.231 [http-nio-8080-exec-1] TRACE c.newtouch.buglifecycle.dao.HomeDao.getBugByOver48 - <==        Row: 受理平台, 1, 2
2019-03-01 10:10:12.231 [http-nio-8080-exec-1] DEBUG c.newtouch.buglifecycle.dao.HomeDao.getBugByOver48 - <==      Total: 2
2019-03-01 10:10:14.848 [http-nio-8080-exec-9] DEBUG c.newtouch.buglifecycle.dao.HomeDao.getSystemList - ==>  Preparing: select id `value` ,`name` label from zt_product; 
2019-03-01 10:10:14.850 [http-nio-8080-exec-9] DEBUG c.newtouch.buglifecycle.dao.HomeDao.getSystemList - ==> Parameters: 
2019-03-01 10:10:14.852 [http-nio-8080-exec-9] TRACE c.newtouch.buglifecycle.dao.HomeDao.getSystemList - <==    Columns: value, label
2019-03-01 10:10:14.852 [http-nio-8080-exec-9] TRACE c.newtouch.buglifecycle.dao.HomeDao.getSystemList - <==        Row: 1, 受理平台
2019-03-01 10:10:14.853 [http-nio-8080-exec-9] TRACE c.newtouch.buglifecycle.dao.HomeDao.getSystemList - <==        Row: 2, 受理平台
2019-03-01 10:10:14.853 [http-nio-8080-exec-9] DEBUG c.newtouch.buglifecycle.dao.HomeDao.getSystemList - <==      Total: 2
2019-03-01 10:10:14.854 [http-nio-8080-exec-9] DEBUG c.newtouch.buglifecycle.dao.HomeDao.getVersionList - ==>  Preparing: select id `value` ,`name` label from zt_project; 
2019-03-01 10:10:14.855 [http-nio-8080-exec-9] DEBUG c.newtouch.buglifecycle.dao.HomeDao.getVersionList - ==> Parameters: 
2019-03-01 10:10:14.859 [http-nio-8080-exec-9] TRACE c.newtouch.buglifecycle.dao.HomeDao.getVersionList - <==    Columns: value, label
2019-03-01 10:10:14.859 [http-nio-8080-exec-9] TRACE c.newtouch.buglifecycle.dao.HomeDao.getVersionList - <==        Row: 1, V1.0
2019-03-01 10:10:14.860 [http-nio-8080-exec-9] TRACE c.newtouch.buglifecycle.dao.HomeDao.getVersionList - <==        Row: 2, V1.0
2019-03-01 10:10:14.860 [http-nio-8080-exec-9] DEBUG c.newtouch.buglifecycle.dao.HomeDao.getVersionList - <==      Total: 2
2019-03-01 10:10:50.643 [http-nio-8080-exec-3] DEBUG c.newtouch.buglifecycle.dao.HomeDao.getSystemList - ==>  Preparing: select id `value` ,`name` label from zt_product; 
2019-03-01 10:10:50.644 [http-nio-8080-exec-3] DEBUG c.newtouch.buglifecycle.dao.HomeDao.getSystemList - ==> Parameters: 
2019-03-01 10:10:50.647 [http-nio-8080-exec-3] TRACE c.newtouch.buglifecycle.dao.HomeDao.getSystemList - <==    Columns: value, label
2019-03-01 10:10:50.647 [http-nio-8080-exec-3] TRACE c.newtouch.buglifecycle.dao.HomeDao.getSystemList - <==        Row: 1, 受理平台
2019-03-01 10:10:50.648 [http-nio-8080-exec-3] TRACE c.newtouch.buglifecycle.dao.HomeDao.getSystemList - <==        Row: 2, 受理平台
2019-03-01 10:10:50.648 [http-nio-8080-exec-3] DEBUG c.newtouch.buglifecycle.dao.HomeDao.getSystemList - <==      Total: 2
2019-03-01 10:10:50.649 [http-nio-8080-exec-3] DEBUG c.newtouch.buglifecycle.dao.HomeDao.getVersionList - ==>  Preparing: select id `value` ,`name` label from zt_project; 
2019-03-01 10:10:50.650 [http-nio-8080-exec-3] DEBUG c.newtouch.buglifecycle.dao.HomeDao.getVersionList - ==> Parameters: 
2019-03-01 10:10:50.652 [http-nio-8080-exec-3] TRACE c.newtouch.buglifecycle.dao.HomeDao.getVersionList - <==    Columns: value, label
2019-03-01 10:10:50.652 [http-nio-8080-exec-3] TRACE c.newtouch.buglifecycle.dao.HomeDao.getVersionList - <==        Row: 1, V1.0
2019-03-01 10:10:50.653 [http-nio-8080-exec-3] TRACE c.newtouch.buglifecycle.dao.HomeDao.getVersionList - <==        Row: 2, V1.0
2019-03-01 10:10:50.655 [http-nio-8080-exec-3] DEBUG c.newtouch.buglifecycle.dao.HomeDao.getVersionList - <==      Total: 2
2019-03-01 10:14:13.850 [main] INFO  com.newtouch.buglifecycle.BugLifecycleApplication - Starting BugLifecycleApplication on TH-20170914WWKT with PID 7608 (C:\Users\lenovo\Desktop\git\eaas\bug-lifecycle\target\classes started by lenovo in C:\Users\lenovo\Desktop\git\eaas\bug-lifecycle)
2019-03-01 10:14:13.856 [main] DEBUG com.newtouch.buglifecycle.BugLifecycleApplication - Running with Spring Boot v2.1.3.RELEASE, Spring v5.1.5.RELEASE
2019-03-01 10:14:13.857 [main] INFO  com.newtouch.buglifecycle.BugLifecycleApplication - The following profiles are active: dev
2019-03-01 10:14:16.378 [main] INFO  com.newtouch.buglifecycle.BugLifecycleApplication - Started BugLifecycleApplication in 3.026 seconds (JVM running for 3.69)
